Performing C SOURCE FILE Test CMAKE_HAVE_LIBC_PTHREAD failed with the following output:
Change Dir: /home/ubuntu/aws-iot-fleetwise-edge/build/armeabi-v7a/CMakeFiles/CMakeTmp

Run Build Command(s):/usr/bin/gmake -f Makefile cmTC_25974/fast && /usr/bin/gmake  -f CMakeFiles/cmTC_25974.dir/build.make CMakeFiles/cmTC_25974.dir/build
gmake[1]: Entering directory '/home/ubuntu/aws-iot-fleetwise-edge/build/armeabi-v7a/CMakeFiles/CMakeTmp'
Building C object CMakeFiles/cmTC_25974.dir/src.c.o
/usr/local/android_sdk/ndk/23.1.7779620/toolchains/llvm/prebuilt/linux-x86_64/bin/clang --target=armv7-none-linux-androideabi21 --sysroot=/usr/local/android_sdk/ndk/23.1.7779620/toolchains/llvm/prebuilt/linux-x86_64/sysroot -DCMAKE_HAVE_LIBC_PTHREAD  -DANDROID -fdata-sections -ffunction-sections -funwind-tables -fstack-protector-strong -no-canonical-prefixes -D_FORTIFY_SOURCE=2 -march=armv7-a -mthumb -Wformat -Werror=format-security -fexceptions  -O2 -g -DNDEBUG -fPIE -MD -MT CMakeFiles/cmTC_25974.dir/src.c.o -MF CMakeFiles/cmTC_25974.dir/src.c.o.d -o CMakeFiles/cmTC_25974.dir/src.c.o -c /home/ubuntu/aws-iot-fleetwise-edge/build/armeabi-v7a/CMakeFiles/CMakeTmp/src.c
/home/ubuntu/aws-iot-fleetwise-edge/build/armeabi-v7a/CMakeFiles/CMakeTmp/src.c:13:3: warning: implicit declaration of function 'pthread_cancel' is invalid in C99 [-Wimplicit-function-declaration]
  pthread_cancel(thread);
  ^
1 warning generated.
Linking C executable cmTC_25974
/usr/local/android_sdk/cmake/3.22.1/bin/cmake -E cmake_link_script CMakeFiles/cmTC_25974.dir/link.txt --verbose=1
/usr/local/android_sdk/ndk/23.1.7779620/toolchains/llvm/prebuilt/linux-x86_64/bin/clang --target=armv7-none-linux-androideabi21 --sysroot=/usr/local/android_sdk/ndk/23.1.7779620/toolchains/llvm/prebuilt/linux-x86_64/sysroot -DANDROID -fdata-sections -ffunction-sections -funwind-tables -fstack-protector-strong -no-canonical-prefixes -D_FORTIFY_SOURCE=2 -march=armv7-a -mthumb -Wformat -Werror=format-security -fexceptions  -O2 -g -DNDEBUG -Wl,--build-id=sha1 -Wl,--no-rosegment -Wl,--fatal-warnings -Qunused-arguments -Wl,--no-undefined  -Wl,--gc-sections -L/usr/local/armv7a-linux-androideabi/lib  CMakeFiles/cmTC_25974.dir/src.c.o -o cmTC_25974   -latomic -lm 
ld: error: undefined symbol: pthread_cancel
>>> referenced by src.c:13
>>>               CMakeFiles/cmTC_25974.dir/src.c.o:(main)
clang: error: linker command failed with exit code 1 (use -v to see invocation)
gmake[1]: *** [CMakeFiles/cmTC_25974.dir/build.make:100: cmTC_25974] Error 1
gmake[1]: Leaving directory '/home/ubuntu/aws-iot-fleetwise-edge/build/armeabi-v7a/CMakeFiles/CMakeTmp'
gmake: *** [Makefile:127: cmTC_25974/fast] Error 2


Source file was:
#include <pthread.h>

static void* test_func(void* data)
{
  return data;
}

int main(void)
{
  pthread_t thread;
  pthread_create(&thread, NULL, test_func, NULL);
  pthread_detach(thread);
  pthread_cancel(thread);
  pthread_join(thread, NULL);
  pthread_atfork(NULL, NULL, NULL);
  pthread_exit(NULL);

  return 0;
}

Determining if the function pthread_create exists in the pthreads failed with the following output:
Change Dir: /home/ubuntu/aws-iot-fleetwise-edge/build/armeabi-v7a/CMakeFiles/CMakeTmp

Run Build Command(s):/usr/bin/gmake -f Makefile cmTC_6a591/fast && /usr/bin/gmake  -f CMakeFiles/cmTC_6a591.dir/build.make CMakeFiles/cmTC_6a591.dir/build
gmake[1]: Entering directory '/home/ubuntu/aws-iot-fleetwise-edge/build/armeabi-v7a/CMakeFiles/CMakeTmp'
Building C object CMakeFiles/cmTC_6a591.dir/CheckFunctionExists.c.o
/usr/local/android_sdk/ndk/23.1.7779620/toolchains/llvm/prebuilt/linux-x86_64/bin/clang --target=armv7-none-linux-androideabi21 --sysroot=/usr/local/android_sdk/ndk/23.1.7779620/toolchains/llvm/prebuilt/linux-x86_64/sysroot   -DANDROID -fdata-sections -ffunction-sections -funwind-tables -fstack-protector-strong -no-canonical-prefixes -D_FORTIFY_SOURCE=2 -march=armv7-a -mthumb -Wformat -Werror=format-security -fexceptions -DCHECK_FUNCTION_EXISTS=pthread_create -O2 -g -DNDEBUG -fPIE -MD -MT CMakeFiles/cmTC_6a591.dir/CheckFunctionExists.c.o -MF CMakeFiles/cmTC_6a591.dir/CheckFunctionExists.c.o.d -o CMakeFiles/cmTC_6a591.dir/CheckFunctionExists.c.o -c /usr/local/android_sdk/cmake/3.22.1/share/cmake-3.22/Modules/CheckFunctionExists.c
Linking C executable cmTC_6a591
/usr/local/android_sdk/cmake/3.22.1/bin/cmake -E cmake_link_script CMakeFiles/cmTC_6a591.dir/link.txt --verbose=1
/usr/local/android_sdk/ndk/23.1.7779620/toolchains/llvm/prebuilt/linux-x86_64/bin/clang --target=armv7-none-linux-androideabi21 --sysroot=/usr/local/android_sdk/ndk/23.1.7779620/toolchains/llvm/prebuilt/linux-x86_64/sysroot -DANDROID -fdata-sections -ffunction-sections -funwind-tables -fstack-protector-strong -no-canonical-prefixes -D_FORTIFY_SOURCE=2 -march=armv7-a -mthumb -Wformat -Werror=format-security -fexceptions -DCHECK_FUNCTION_EXISTS=pthread_create -O2 -g -DNDEBUG -Wl,--build-id=sha1 -Wl,--no-rosegment -Wl,--fatal-warnings -Qunused-arguments -Wl,--no-undefined  -Wl,--gc-sections -L/usr/local/armv7a-linux-androideabi/lib  CMakeFiles/cmTC_6a591.dir/CheckFunctionExists.c.o -o cmTC_6a591  -lpthreads  -latomic -lm 
ld: error: unable to find library -lpthreads
clang: error: linker command failed with exit code 1 (use -v to see invocation)
gmake[1]: *** [CMakeFiles/cmTC_6a591.dir/build.make:100: cmTC_6a591] Error 1
gmake[1]: Leaving directory '/home/ubuntu/aws-iot-fleetwise-edge/build/armeabi-v7a/CMakeFiles/CMakeTmp'
gmake: *** [Makefile:127: cmTC_6a591/fast] Error 2



